build/app/intermediates/manifest_merge_blame_file/debug/manifest-merger-blame-debug-report.txt
1<?xml version="1.0" encoding="utf-8"?>
2<manifest xmlns:android="http://schemas.android.com/apk/res/android"
3    package="com.example.bluetooth_app"
4    android:versionCode="1"
5    android:versionName="0.1.0" >
6
7    <uses-sdk
8        android:minSdkVersion="21"
9        android:targetSdkVersion="33" />
10    <!--
11         The INTERNET permission is required for development. Specifically,
12         the Flutter tool needs it to communicate with the running application
13         to allow setting breakpoints, to provide hot reload, etc.
14    -->
15    <uses-permission android:name="android.permission.INTERNET" />
15-->src/main/AndroidManifest.xml:5:5-66
15-->src/main/AndroidManifest.xml:5:22-64
16    <uses-permission android:name="android.permission.INTERNET" />
16-->src/main/AndroidManifest.xml:5:5-66
16-->src/main/AndroidManifest.xml:5:22-64
17    <uses-permission
17-->src/main/AndroidManifest.xml:6:5-67
18        android:name="android.permission.BLUETOOTH"
18-->src/main/AndroidManifest.xml:6:22-65
19        android:maxSdkVersion="30" />
19-->[:quick_blue] AndroidManifest.xml:17:9-35
20    <uses-permission
20-->src/main/AndroidManifest.xml:7:5-73
21        android:name="android.permission.BLUETOOTH_ADMIN"
21-->src/main/AndroidManifest.xml:7:22-71
22        android:maxSdkVersion="30" />
22-->[:quick_blue] AndroidManifest.xml:20:9-35
23    <uses-permission
23-->src/main/AndroidManifest.xml:8:5-78
24        android:name="android.permission.ACCESS_FINE_LOCATION"
24-->src/main/AndroidManifest.xml:8:22-76
25        android:maxSdkVersion="30" />
25-->[:quick_blue] AndroidManifest.xml:23:9-35
26    <uses-permission
26-->src/main/AndroidManifest.xml:9:5-73
27        android:name="android.permission.BLUETOOTH_SCAN"
27-->src/main/AndroidManifest.xml:9:22-70
28        android:usesPermissionFlags="neverForLocation" />
28-->[:quick_blue] AndroidManifest.xml:11:9-55
29    <uses-permission android:name="android.permission.BLUETOOTH_ADVERTISE" />
29-->src/main/AndroidManifest.xml:10:5-78
29-->src/main/AndroidManifest.xml:10:22-75
30    <uses-permission android:name="android.permission.BLUETOOTH_CONNECT" />
30-->src/main/AndroidManifest.xml:11:5-76
30-->src/main/AndroidManifest.xml:11:22-73
31
32    <!-- legacy for Android 9 or lower -->
33    <uses-permission
33-->[:quick_blue] AndroidManifest.xml:25:5-27:38
34        android:name="android.permission.ACCESS_COARSE_LOCATION"
34-->[:quick_blue] AndroidManifest.xml:26:9-65
35        android:maxSdkVersion="28" />
35-->[:quick_blue] AndroidManifest.xml:27:9-35
36
37    <application
38        android:name="android.app.Application"
39        android:appComponentFactory="androidx.core.app.CoreComponentFactory"
39-->[androidx.core:core:1.6.0] AndroidManifest.xml:24:18-86
40        android:debuggable="true"
41        android:icon="@mipmap/ic_launcher"
42        android:label="bluetooth_app" >
43        <activity
44            android:name="com.example.bluetooth_app.MainActivity"
45            android:configChanges="orientation|keyboardHidden|keyboard|screenSize|smallestScreenSize|locale|layoutDirection|fontScale|screenLayout|density|uiMode"
46            android:exported="true"
47            android:hardwareAccelerated="true"
48            android:launchMode="singleTop"
49            android:theme="@style/LaunchTheme"
50            android:windowSoftInputMode="adjustResize" >
51
52            <!--
53                 Specifies an Android theme to apply to this Activity as soon as
54                 the Android process has started. This theme is visible to the user
55                 while the Flutter UI initializes. After that, this theme continues
56                 to determine the Window background behind the Flutter UI.
57            -->
58            <meta-data
59                android:name="io.flutter.embedding.android.NormalTheme"
60                android:resource="@style/NormalTheme" />
61
62            <intent-filter>
63                <action android:name="android.intent.action.MAIN" />
64
65                <category android:name="android.intent.category.LAUNCHER" />
66            </intent-filter>
67        </activity>
68        <!--
69             Don't delete the meta-data below.
70             This is used by the Flutter tool to generate GeneratedPluginRegistrant.java
71        -->
72        <meta-data
73            android:name="flutterEmbedding"
74            android:value="2" />
75
76        <uses-library
76-->[androidx.window:window:1.0.0-beta04] AndroidManifest.xml:25:9-27:40
77            android:name="androidx.window.extensions"
77-->[androidx.window:window:1.0.0-beta04] AndroidManifest.xml:26:13-54
78            android:required="false" />
78-->[androidx.window:window:1.0.0-beta04] AndroidManifest.xml:27:13-37
79        <uses-library
79-->[androidx.window:window:1.0.0-beta04] AndroidManifest.xml:28:9-30:40
80            android:name="androidx.window.sidecar"
80-->[androidx.window:window:1.0.0-beta04] AndroidManifest.xml:29:13-51
81            android:required="false" />
81-->[androidx.window:window:1.0.0-beta04] AndroidManifest.xml:30:13-37
82    </application>
83
84</manifest>